[ 2025-08-03 02:46:09,470 ] 1025 httpx - INFO - HTTP Request: GET https://dagshub.com/api/v1/user "HTTP/1.1 200 OK"
[ 2025-08-03 02:46:09,478 ] 107 dagshub - INFO - Accessing as Locvh
[ 2025-08-03 02:46:09,911 ] 1025 httpx - INFO - HTTP Request: GET https://dagshub.com/api/v1/repos/Locvh/API_ML_2 "HTTP/1.1 200 OK"
[ 2025-08-03 02:46:10,334 ] 1025 httpx - INFO - HTTP Request: GET https://dagshub.com/api/v1/user "HTTP/1.1 200 OK"
[ 2025-08-03 02:46:10,337 ] 107 dagshub - INFO - Initialized MLflow to track repo "Locvh/API_ML_2"
[ 2025-08-03 02:46:10,337 ] 107 dagshub - INFO - Repository Locvh/API_ML_2 initialized!
[ 2025-08-03 02:46:10,338 ] 20 root - INFO - Initiate the data ingestion
[ 2025-08-03 02:46:48,804 ] 130 root - INFO - Performed train test split on the dataframe
[ 2025-08-03 02:46:48,804 ] 132 root - INFO - Exited split_data_as_train_test method of Data_Ingestion class
[ 2025-08-03 02:46:48,804 ] 140 root - INFO - Exporting train and test file path.
[ 2025-08-03 02:46:48,808 ] 149 root - INFO - Exported train and test file path.
[ 2025-08-03 02:46:48,808 ] 22 root - INFO - Data Initiation Completed
[ 2025-08-03 02:46:48,810 ] 29 root - INFO - Initiate the data Validation
[ 2025-08-03 02:46:48,812 ] 32 root - INFO - Required number of columns:2
[ 2025-08-03 02:46:48,812 ] 33 root - INFO - Data frame has columns:18
[ 2025-08-03 02:46:48,812 ] 32 root - INFO - Required number of columns:2
[ 2025-08-03 02:46:48,812 ] 33 root - INFO - Data frame has columns:18
[ 2025-08-03 02:46:48,824 ] 31 root - INFO - data Validation Completed
[ 2025-08-03 02:46:48,824 ] 37 root - INFO - data Transformation started
[ 2025-08-03 02:46:48,824 ] 63 root - INFO - Entered initiate_data_transformation method of DataTransformation class
[ 2025-08-03 02:46:48,824 ] 65 root - INFO - Starting data transformation
[ 2025-08-03 02:46:48,826 ] 48 root - INFO - Entered get_data_trnasformer_object method of Trnasformation class
[ 2025-08-03 02:46:48,826 ] 53 root - INFO - Initialise KNNImputer with {'missing_values': nan, 'n_neighbors': 3, 'weights': 'uniform'}
[ 2025-08-03 02:46:48,829 ] 46 root - INFO - Entered the save_object method of MainUtils class
[ 2025-08-03 02:46:48,829 ] 50 root - INFO - Exited the save_object method of MainUtils class
[ 2025-08-03 02:46:48,829 ] 46 root - INFO - Entered the save_object method of MainUtils class
[ 2025-08-03 02:46:48,830 ] 50 root - INFO - Exited the save_object method of MainUtils class
[ 2025-08-03 02:46:48,830 ] 40 root - INFO - data Transformation completed
[ 2025-08-03 02:46:48,830 ] 43 root - INFO - Model Training sstared
