[ 2025-08-03 20:14:25,178 ] 1025 httpx - INFO - HTTP Request: GET https://dagshub.com/api/v1/user "HTTP/1.1 200 OK"
[ 2025-08-03 20:14:25,188 ] 107 dagshub - INFO - Accessing as Locvh
[ 2025-08-03 20:14:25,561 ] 1025 httpx - INFO - HTTP Request: GET https://dagshub.com/api/v1/repos/Locvh/API_ML_2 "HTTP/1.1 200 OK"
[ 2025-08-03 20:14:25,909 ] 1025 httpx - INFO - HTTP Request: GET https://dagshub.com/api/v1/user "HTTP/1.1 200 OK"
[ 2025-08-03 20:14:25,913 ] 107 dagshub - INFO - Initialized MLflow to track repo "Locvh/API_ML_2"
[ 2025-08-03 20:14:25,914 ] 107 dagshub - INFO - Repository Locvh/API_ML_2 initialized!
[ 2025-08-03 20:14:25,914 ] 20 root - INFO - Initiate the data ingestion
[ 2025-08-03 20:14:30,454 ] 132 root - INFO - Performed train test split on the dataframe
[ 2025-08-03 20:14:30,454 ] 134 root - INFO - Exited split_data_as_train_test method of Data_Ingestion class
[ 2025-08-03 20:14:30,454 ] 142 root - INFO - Exporting train and test file path.
[ 2025-08-03 20:14:30,458 ] 151 root - INFO - Exported train and test file path.
[ 2025-08-03 20:14:30,458 ] 22 root - INFO - Data Initiation Completed
[ 2025-08-03 20:14:30,459 ] 29 root - INFO - Initiate the data Validation
[ 2025-08-03 20:14:30,461 ] 32 root - INFO - Required number of columns:2
[ 2025-08-03 20:14:30,461 ] 33 root - INFO - Data frame has columns:18
[ 2025-08-03 20:14:30,461 ] 32 root - INFO - Required number of columns:2
[ 2025-08-03 20:14:30,461 ] 33 root - INFO - Data frame has columns:18
[ 2025-08-03 20:14:30,472 ] 31 root - INFO - data Validation Completed
[ 2025-08-03 20:14:30,472 ] 37 root - INFO - data Transformation started
[ 2025-08-03 20:14:30,472 ] 63 root - INFO - Entered initiate_data_transformation method of DataTransformation class
[ 2025-08-03 20:14:30,472 ] 65 root - INFO - Starting data transformation
[ 2025-08-03 20:14:30,474 ] 48 root - INFO - Entered get_data_trnasformer_object method of Trnasformation class
[ 2025-08-03 20:14:30,474 ] 53 root - INFO - Initialise KNNImputer with {'missing_values': nan, 'n_neighbors': 3, 'weights': 'uniform'}
[ 2025-08-03 20:14:30,477 ] 46 root - INFO - Entered the save_object method of MainUtils class
[ 2025-08-03 20:14:30,479 ] 50 root - INFO - Exited the save_object method of MainUtils class
[ 2025-08-03 20:14:30,479 ] 46 root - INFO - Entered the save_object method of MainUtils class
[ 2025-08-03 20:14:30,481 ] 50 root - INFO - Exited the save_object method of MainUtils class
[ 2025-08-03 20:14:30,481 ] 40 root - INFO - data Transformation completed
[ 2025-08-03 20:14:30,481 ] 43 root - INFO - Model Training sstared
[ 2025-08-03 20:14:48,003 ] 46 root - INFO - Entered the save_object method of MainUtils class
[ 2025-08-03 20:14:48,004 ] 50 root - INFO - Exited the save_object method of MainUtils class
[ 2025-08-03 20:14:48,004 ] 46 root - INFO - Entered the save_object method of MainUtils class
[ 2025-08-03 20:14:48,008 ] 50 root - INFO - Exited the save_object method of MainUtils class
[ 2025-08-03 20:14:48,008 ] 158 root - INFO - Model trainer artifact: ModelTrainerArtifact(trained_model_file_path='Artifacts/08_03_2025_20_14_23/model_trainer/trained_model/model.pkl', train_metric_artifact=<networksecurity.utils.ml_utils.metric.regression_metric.RegressionMetricArtifact object at 0x1788722d0>, test_metric_artifact=<networksecurity.utils.ml_utils.metric.regression_metric.RegressionMetricArtifact object at 0x17a23b950>)
[ 2025-08-03 20:14:48,008 ] 47 root - INFO - Model Training artifact created
