[ 2025-08-03 19:49:57,650 ] 1025 httpx - INFO - HTTP Request: GET https://dagshub.com/api/v1/user "HTTP/1.1 200 OK"
[ 2025-08-03 19:49:57,658 ] 107 dagshub - INFO - Accessing as Locvh
[ 2025-08-03 19:49:58,024 ] 1025 httpx - INFO - HTTP Request: GET https://dagshub.com/api/v1/repos/Locvh/API_ML_2 "HTTP/1.1 200 OK"
[ 2025-08-03 19:49:58,375 ] 1025 httpx - INFO - HTTP Request: GET https://dagshub.com/api/v1/user "HTTP/1.1 200 OK"
[ 2025-08-03 19:49:58,378 ] 107 dagshub - INFO - Initialized MLflow to track repo "Locvh/API_ML_2"
[ 2025-08-03 19:49:58,378 ] 107 dagshub - INFO - Repository Locvh/API_ML_2 initialized!
[ 2025-08-03 19:49:58,378 ] 20 root - INFO - Initiate the data ingestion
[ 2025-08-03 19:50:02,165 ] 130 root - INFO - Performed train test split on the dataframe
[ 2025-08-03 19:50:02,165 ] 132 root - INFO - Exited split_data_as_train_test method of Data_Ingestion class
[ 2025-08-03 19:50:02,165 ] 140 root - INFO - Exporting train and test file path.
[ 2025-08-03 19:50:02,169 ] 149 root - INFO - Exported train and test file path.
[ 2025-08-03 19:50:02,169 ] 22 root - INFO - Data Initiation Completed
[ 2025-08-03 19:50:02,171 ] 29 root - INFO - Initiate the data Validation
[ 2025-08-03 19:50:02,173 ] 32 root - INFO - Required number of columns:2
[ 2025-08-03 19:50:02,173 ] 33 root - INFO - Data frame has columns:18
[ 2025-08-03 19:50:02,173 ] 32 root - INFO - Required number of columns:2
[ 2025-08-03 19:50:02,173 ] 33 root - INFO - Data frame has columns:18
[ 2025-08-03 19:50:02,186 ] 31 root - INFO - data Validation Completed
[ 2025-08-03 19:50:02,186 ] 37 root - INFO - data Transformation started
[ 2025-08-03 19:50:02,186 ] 63 root - INFO - Entered initiate_data_transformation method of DataTransformation class
[ 2025-08-03 19:50:02,186 ] 65 root - INFO - Starting data transformation
[ 2025-08-03 19:50:02,188 ] 48 root - INFO - Entered get_data_trnasformer_object method of Trnasformation class
[ 2025-08-03 19:50:02,188 ] 53 root - INFO - Initialise KNNImputer with {'missing_values': nan, 'n_neighbors': 3, 'weights': 'uniform'}
[ 2025-08-03 19:50:02,191 ] 46 root - INFO - Entered the save_object method of MainUtils class
[ 2025-08-03 19:50:02,192 ] 50 root - INFO - Exited the save_object method of MainUtils class
[ 2025-08-03 19:50:02,192 ] 46 root - INFO - Entered the save_object method of MainUtils class
[ 2025-08-03 19:50:02,194 ] 50 root - INFO - Exited the save_object method of MainUtils class
[ 2025-08-03 19:50:02,194 ] 40 root - INFO - data Transformation completed
[ 2025-08-03 19:50:02,194 ] 43 root - INFO - Model Training sstared
