[ 2025-02-11 13:33:50,654 ] 1027 httpx - INFO - HTTP Request: GET https://dagshub.com/api/v1/user "HTTP/1.1 200 OK"
[ 2025-02-11 13:33:50,664 ] 107 dagshub - INFO - Accessing as Locvh
[ 2025-02-11 13:33:51,050 ] 1027 httpx - INFO - HTTP Request: GET https://dagshub.com/api/v1/repos/Locvh/API_ML_2 "HTTP/1.1 200 OK"
[ 2025-02-11 13:33:51,419 ] 1027 httpx - INFO - HTTP Request: GET https://dagshub.com/api/v1/user "HTTP/1.1 200 OK"
[ 2025-02-11 13:33:51,421 ] 107 dagshub - INFO - Initialized MLflow to track repo "Locvh/API_ML_2"
[ 2025-02-11 13:33:51,421 ] 107 dagshub - INFO - Repository Locvh/API_ML_2 initialized!
[ 2025-02-11 13:34:28,611 ] 42 root - INFO - Start data Ingestion
[ 2025-02-11 13:34:32,587 ] 65 root - INFO - Performed train test split on the dataframe
[ 2025-02-11 13:34:32,587 ] 67 root - INFO - Exited split_data_as_train_test method of Data_Ingestion class
[ 2025-02-11 13:34:32,588 ] 75 root - INFO - Exporting train and test file path.
[ 2025-02-11 13:34:32,643 ] 84 root - INFO - Exported train and test file path.
[ 2025-02-11 13:34:32,643 ] 45 root - INFO - Data Ingestion completed and artifact: DataIngestionArtifact(trained_file_path='Artifacts/02_11_2025_13_33_48/data_ingestion/ingested/train.csv', test_file_path='Artifacts/02_11_2025_13_33_48/data_ingestion/ingested/test.csv')
[ 2025-02-11 13:34:32,647 ] 55 root - INFO - Initiate the data Validation
[ 2025-02-11 13:34:32,658 ] 32 root - INFO - Required number of columns:2
[ 2025-02-11 13:34:32,658 ] 33 root - INFO - Data frame has columns:31
[ 2025-02-11 13:34:32,658 ] 32 root - INFO - Required number of columns:2
[ 2025-02-11 13:34:32,658 ] 33 root - INFO - Data frame has columns:31
[ 2025-02-11 13:34:32,748 ] 63 root - INFO - Entered initiate_data_transformation method of DataTransformation class
[ 2025-02-11 13:34:32,748 ] 65 root - INFO - Starting data transformation
[ 2025-02-11 13:34:32,759 ] 48 root - INFO - Entered get_data_trnasformer_object method of Trnasformation class
[ 2025-02-11 13:34:32,759 ] 53 root - INFO - Initialise KNNImputer with {'missing_values': nan, 'n_neighbors': 3, 'weights': 'uniform'}
[ 2025-02-11 13:34:32,763 ] 46 root - INFO - Entered the save_object method of MainUtils class
[ 2025-02-11 13:34:32,764 ] 50 root - INFO - Exited the save_object method of MainUtils class
[ 2025-02-11 13:34:32,764 ] 46 root - INFO - Entered the save_object method of MainUtils class
[ 2025-02-11 13:34:32,767 ] 50 root - INFO - Exited the save_object method of MainUtils class
[ 2025-02-11 13:36:56,690 ] 46 root - INFO - Entered the save_object method of MainUtils class
[ 2025-02-11 13:36:56,691 ] 50 root - INFO - Exited the save_object method of MainUtils class
[ 2025-02-11 13:36:56,691 ] 46 root - INFO - Entered the save_object method of MainUtils class
[ 2025-02-11 13:36:56,721 ] 50 root - INFO - Exited the save_object method of MainUtils class
[ 2025-02-11 13:36:56,722 ] 149 root - INFO - Model trainer artifact: ModelTrainerArtifact(trained_model_file_path='Artifacts/02_11_2025_13_33_48/model_trainer/trained_model/model.pkl', train_metric_artifact=ClassificationMetricArtifact(f1_score=0.9915693245302184, precision_score=0.9896593673965937, recall_score=0.9934866680236109), test_metric_artifact=ClassificationMetricArtifact(f1_score=0.9740311626048741, precision_score=0.9682287529785544, recall_score=0.979903536977492))
