[ 2025-08-03 20:05:29,858 ] 1025 httpx - INFO - HTTP Request: GET https://dagshub.com/api/v1/user "HTTP/1.1 200 OK"
[ 2025-08-03 20:05:29,864 ] 107 dagshub - INFO - Accessing as Locvh
[ 2025-08-03 20:05:30,241 ] 1025 httpx - INFO - HTTP Request: GET https://dagshub.com/api/v1/repos/Locvh/API_ML_2 "HTTP/1.1 200 OK"
[ 2025-08-03 20:05:30,590 ] 1025 httpx - INFO - HTTP Request: GET https://dagshub.com/api/v1/user "HTTP/1.1 200 OK"
[ 2025-08-03 20:05:30,594 ] 107 dagshub - INFO - Initialized MLflow to track repo "Locvh/API_ML_2"
[ 2025-08-03 20:05:30,595 ] 107 dagshub - INFO - Repository Locvh/API_ML_2 initialized!
[ 2025-08-03 20:05:30,595 ] 20 root - INFO - Initiate the data ingestion
[ 2025-08-03 20:05:34,820 ] 132 root - INFO - Performed train test split on the dataframe
[ 2025-08-03 20:05:34,820 ] 134 root - INFO - Exited split_data_as_train_test method of Data_Ingestion class
[ 2025-08-03 20:05:34,820 ] 142 root - INFO - Exporting train and test file path.
[ 2025-08-03 20:05:34,827 ] 151 root - INFO - Exported train and test file path.
[ 2025-08-03 20:05:34,827 ] 22 root - INFO - Data Initiation Completed
[ 2025-08-03 20:05:34,829 ] 29 root - INFO - Initiate the data Validation
[ 2025-08-03 20:05:34,833 ] 32 root - INFO - Required number of columns:2
[ 2025-08-03 20:05:34,833 ] 33 root - INFO - Data frame has columns:18
[ 2025-08-03 20:05:34,833 ] 32 root - INFO - Required number of columns:2
[ 2025-08-03 20:05:34,833 ] 33 root - INFO - Data frame has columns:18
[ 2025-08-03 20:05:34,860 ] 31 root - INFO - data Validation Completed
[ 2025-08-03 20:05:34,860 ] 37 root - INFO - data Transformation started
[ 2025-08-03 20:05:34,860 ] 63 root - INFO - Entered initiate_data_transformation method of DataTransformation class
[ 2025-08-03 20:05:34,860 ] 65 root - INFO - Starting data transformation
[ 2025-08-03 20:05:34,869 ] 48 root - INFO - Entered get_data_trnasformer_object method of Trnasformation class
[ 2025-08-03 20:05:34,869 ] 53 root - INFO - Initialise KNNImputer with {'missing_values': nan, 'n_neighbors': 3, 'weights': 'uniform'}
[ 2025-08-03 20:05:34,882 ] 46 root - INFO - Entered the save_object method of MainUtils class
[ 2025-08-03 20:05:34,883 ] 50 root - INFO - Exited the save_object method of MainUtils class
[ 2025-08-03 20:05:34,883 ] 46 root - INFO - Entered the save_object method of MainUtils class
[ 2025-08-03 20:05:34,884 ] 50 root - INFO - Exited the save_object method of MainUtils class
[ 2025-08-03 20:05:34,885 ] 40 root - INFO - data Transformation completed
[ 2025-08-03 20:05:34,885 ] 43 root - INFO - Model Training sstared
